<?xml version="1.0" encoding="UTF-8"?>
<!-- Generated by org.testng.reporters.JUnitXMLReporter -->
<testsuite ignored="0" hostname="PC-NamLe" failures="5" tests="9" name="Login and Sort Tests" time="11.253" errors="0" timestamp="2025-06-18T16:20:40 ICT">
  <testcase classname="com.nam.qa.practice.SortProductTest" name="@BeforeClass LoginSauceDemo" time="0.001">
    <failure type="java.lang.NoSuchMethodError" message="&amp;apos;void org.openqa.selenium.support.PageFactory.initElements(org.openqa.selenium.SearchContext, java.lang.Object)&amp;apos;">
      <![CDATA[java.lang.NoSuchMethodError: 'void org.openqa.selenium.support.PageFactory.initElements(org.openqa.selenium.SearchContext, java.lang.Object)'
at com.nam.qa.practice.SignInPage.<init>(SignInPage.java:28)
at com.nam.qa.practice.SortProductTest.LoginSauceDemo(SortProductTest.java:21)
at java.base/java.util.ArrayList.forEach(ArrayList.java:1511)
... Removed 25 stack frames]]>
    </failure>
  </testcase> <!-- @BeforeClass LoginSauceDemo -->
  <testcase classname="com.nam.qa.POM.BaseClass" name="@AfterClass TearDown" time="0.0">
    <skipped/>
  </testcase> <!-- @AfterClass TearDown -->
  <testcase classname="com.nam.qa.practice.SingInTest" name="LoginValid" time="0.105">
    <failure type="java.lang.NoSuchMethodError" message="&amp;apos;void org.openqa.selenium.support.PageFactory.initElements(org.openqa.selenium.SearchContext, java.lang.Object)&amp;apos;">
      <![CDATA[java.lang.NoSuchMethodError: 'void org.openqa.selenium.support.PageFactory.initElements(org.openqa.selenium.SearchContext, java.lang.Object)'
at com.nam.qa.practice.SignInPage.<init>(SignInPage.java:28)
at com.nam.qa.practice.SingInTest.LoginValid(SingInTest.java:19)
at java.base/java.util.ArrayList.forEach(ArrayList.java:1511)
... Removed 27 stack frames]]>
    </failure>
  </testcase> <!-- LoginValid -->
  <testcase classname="com.nam.qa.practice.SingInTest" name="LoginwithInvalidName" time="0.028">
    <failure type="java.lang.NoSuchMethodError" message="&amp;apos;void org.openqa.selenium.support.PageFactory.initElements(org.openqa.selenium.SearchContext, java.lang.Object)&amp;apos;">
      <![CDATA[java.lang.NoSuchMethodError: 'void org.openqa.selenium.support.PageFactory.initElements(org.openqa.selenium.SearchContext, java.lang.Object)'
at com.nam.qa.practice.SignInPage.<init>(SignInPage.java:28)
at com.nam.qa.practice.SingInTest.LoginwithInvalidName(SingInTest.java:27)
at java.base/java.util.ArrayList.forEach(ArrayList.java:1511)
... Removed 27 stack frames]]>
    </failure>
  </testcase> <!-- LoginwithInvalidName -->
  <testcase classname="com.nam.qa.practice.SingInTest" name="LoginwithInvalidPassWord" time="0.007">
    <failure type="java.lang.NoSuchMethodError" message="&amp;apos;void org.openqa.selenium.support.PageFactory.initElements(org.openqa.selenium.SearchContext, java.lang.Object)&amp;apos;">
      <![CDATA[java.lang.NoSuchMethodError: 'void org.openqa.selenium.support.PageFactory.initElements(org.openqa.selenium.SearchContext, java.lang.Object)'
at com.nam.qa.practice.SignInPage.<init>(SignInPage.java:28)
at com.nam.qa.practice.SingInTest.LoginwithInvalidPassWord(SingInTest.java:35)
at java.base/java.util.ArrayList.forEach(ArrayList.java:1511)
... Removed 27 stack frames]]>
    </failure>
  </testcase> <!-- LoginwithInvalidPassWord -->
  <testcase classname="com.nam.qa.practice.SingInTest" name="LoginwithEmptyName" time="0.008">
    <failure type="java.lang.NoSuchMethodError" message="&amp;apos;void org.openqa.selenium.support.PageFactory.initElements(org.openqa.selenium.SearchContext, java.lang.Object)&amp;apos;">
      <![CDATA[java.lang.NoSuchMethodError: 'void org.openqa.selenium.support.PageFactory.initElements(org.openqa.selenium.SearchContext, java.lang.Object)'
at com.nam.qa.practice.SignInPage.<init>(SignInPage.java:28)
at com.nam.qa.practice.SingInTest.LoginwithEmptyName(SingInTest.java:44)
at java.base/java.util.ArrayList.forEach(ArrayList.java:1511)
... Removed 27 stack frames]]>
    </failure>
  </testcase> <!-- LoginwithEmptyName -->
  <testcase classname="com.nam.qa.practice.SingInTest" name="LoginwithEmptyPassWord" time="0.006">
    <failure type="java.lang.NoSuchMethodError" message="&amp;apos;void org.openqa.selenium.support.PageFactory.initElements(org.openqa.selenium.SearchContext, java.lang.Object)&amp;apos;">
      <![CDATA[java.lang.NoSuchMethodError: 'void org.openqa.selenium.support.PageFactory.initElements(org.openqa.selenium.SearchContext, java.lang.Object)'
at com.nam.qa.practice.SignInPage.<init>(SignInPage.java:28)
at com.nam.qa.practice.SingInTest.LoginwithEmptyPassWord(SingInTest.java:51)
at java.base/java.util.ArrayList.forEach(ArrayList.java:1511)
... Removed 27 stack frames]]>
    </failure>
  </testcase> <!-- LoginwithEmptyPassWord -->
  <testcase classname="com.nam.qa.practice.SortProductTest" name="TestSort_AtoZ" time="0.0">
    <skipped/>
  </testcase> <!-- TestSort_AtoZ -->
  <testcase classname="com.nam.qa.practice.SortProductTest" name="TestSort_ZtoA" time="0.0">
    <skipped/>
  </testcase> <!-- TestSort_ZtoA -->
  <testcase classname="com.nam.qa.practice.SortProductTest" name="TestSort_LowtoHigh" time="0.0">
    <skipped/>
  </testcase> <!-- TestSort_LowtoHigh -->
  <testcase classname="com.nam.qa.practice.SortProductTest" name="TestSort_HightoLow" time="0.0">
    <skipped/>
  </testcase> <!-- TestSort_HightoLow -->
</testsuite> <!-- Login and Sort Tests -->
