<?xml version="1.0" encoding="UTF-8"?>
<!-- Generated by org.testng.reporters.JUnitXMLReporter -->
<testsuite ignored="0" hostname="PC-NamLe" failures="5" tests="51" name="Run All Tests" time="155.263" errors="0" timestamp="2025-06-23T16:08:14 ICT">
  <testcase classname="com.nam.qa.practice.SignInTest" name="verifyLoginWithValidCredentials" time="1.271"/>
  <testcase classname="com.nam.qa.practice.SignInTest" name="verifyLoginWithInvalidusername" time="0.447"/>
  <testcase classname="com.nam.qa.practice.SignInTest" name="verifyLoginwithInvalidPassWord" time="0.379"/>
  <testcase classname="com.nam.qa.practice.SignInTest" name="verifyLoginwithEmptyUserName" time="0.321"/>
  <testcase classname="com.nam.qa.practice.SignInTest" name="verifyLoginWithEmptyPassword" time="0.319"/>
  <testcase classname="com.nam.qa.practice.SignInTest" name="verifyLoginWithLockedOutUser" time="0.345"/>
  <testcase classname="com.nam.qa.practice.SignInTest" name="verifyProblemUserLogin_ShowsBrokenImages" time="0.356">
    <failure type="java.lang.NullPointerException" message="Cannot invoke &amp;quot;org.openqa.selenium.support.ui.WebDriverWait.until(java.util.function.Function)&amp;quot; because &amp;quot;this.wait&amp;quot; is null">
      <![CDATA[java.lang.NullPointerException: Cannot invoke "org.openqa.selenium.support.ui.WebDriverWait.until(java.util.function.Function)" because "this.wait" is null
at com.nam.qa.practice.SignInTest.verifyProblemUserLogin_ShowsBrokenImages(SignInTest.java:90)
at java.base/java.util.ArrayList.forEach(ArrayList.java:1596)
... Removed 25 stack frames]]>
    </failure>
  </testcase> <!-- verifyProblemUserLogin_ShowsBrokenImages -->
  <testcase classname="com.nam.qa.practice.SignInTest" name="verifyLoginWithPerformanceGlitchUser_TakesLonger" time="5.367"/>
  <testcase classname="com.nam.qa.practice.SignInTest" name="verifyLoginWithVisualUser_ShowsBrokenImage" time="0.39">
    <failure type="java.lang.NullPointerException" message="Cannot invoke &amp;quot;String.contains(java.lang.CharSequence)&amp;quot; because &amp;quot;imgSrc&amp;quot; is null">
      <![CDATA[java.lang.NullPointerException: Cannot invoke "String.contains(java.lang.CharSequence)" because "imgSrc" is null
at com.nam.qa.practice.SignInTest.verifyLoginWithVisualUser_ShowsBrokenImage(SignInTest.java:122)
at java.base/java.util.ArrayList.forEach(ArrayList.java:1596)
... Removed 25 stack frames]]>
    </failure>
  </testcase> <!-- verifyLoginWithVisualUser_ShowsBrokenImage -->
  <testcase classname="com.nam.qa.practice.SortProductTest" name="verifyProductSortingByNameAscending" time="2.301"/>
  <testcase classname="com.nam.qa.practice.SortProductTest" name="verifyProductSortingByNameDescending" time="2.284"/>
  <testcase classname="com.nam.qa.practice.SortProductTest" name="verifyProductSortingByPriceLowToHigh" time="2.256"/>
  <testcase classname="com.nam.qa.practice.SortProductTest" name="verifyProductSortingByPriceHighToLow" time="2.286"/>
  <testcase classname="com.nam.qa.practice.ProductTest" name="ProductListisDisplayed" time="0.032"/>
  <testcase classname="com.nam.qa.practice.ProductTest" name="verifyCartIcon" time="0.169"/>
  <testcase classname="com.nam.qa.practice.ProductTest" name="verifyProductNameMatchBetweenDetailPage" time="1.287"/>
  <testcase classname="com.nam.qa.practice.ProductTest" name="verifyProductDescriptionMatchBetweenDetailPage" time="1.25"/>
  <testcase classname="com.nam.qa.practice.ProductTest" name="verifyProductPriceMatchBetweenDetailPage" time="1.173"/>
  <testcase classname="com.nam.qa.practice.ProductTest" name="verifyProductImageMatchBetweenDetailPage" time="1.163"/>
  <testcase classname="com.nam.qa.practice.ProductTest" name="verifyAddtoCartFromProductPage" time="0.522"/>
  <testcase classname="com.nam.qa.practice.ProductTest" name="verifyAddtoCartFromDetailPage" time="1.813"/>
  <testcase classname="com.nam.qa.practice.ProductTest" name="verifyRemoveFromProductPage" time="1.244"/>
  <testcase classname="com.nam.qa.practice.ProductTest" name="verifyRemoveProductFromDetailPage" time="1.8"/>
  <testcase classname="com.nam.qa.practice.ProductTest" name="verifyNavigationFromTileToDetailPage" time="0.113">
    <failure type="java.lang.AssertionError" message="❌ Fail Page. Expected URL have contains &amp;apos;inventory-item.html&amp;apos; expected [true] but found [false]">
      <![CDATA[java.lang.AssertionError: ❌ Fail Page. Expected URL have contains 'inventory-item.html' expected [true] but found [false]
at com.nam.qa.practice.ProductTest.verifyNavigationFromTileToDetailPage(ProductTest.java:258)
at java.base/java.util.ArrayList.forEach(ArrayList.java:1596)
... Removed 28 stack frames]]>
    </failure>
  </testcase> <!-- verifyNavigationFromTileToDetailPage -->
  <testcase classname="com.nam.qa.practice.ProductTest" name="verifyNavigationImgFromToDetailPage" time="0.118">
    <failure type="java.lang.AssertionError" message="❌ Fail Page. tadaa Expected URL have contains &amp;apos;inventory-item.html&amp;apos; expected [true] but found [false]">
      <![CDATA[java.lang.AssertionError: ❌ Fail Page. tadaa Expected URL have contains 'inventory-item.html' expected [true] but found [false]
at com.nam.qa.practice.ProductTest.verifyNavigationImgFromToDetailPage(ProductTest.java:271)
at java.base/java.util.ArrayList.forEach(ArrayList.java:1596)
... Removed 28 stack frames]]>
    </failure>
  </testcase> <!-- verifyNavigationImgFromToDetailPage -->
  <testcase classname="com.nam.qa.practice.ProductTest" name="verifyButtonBackToProductFromDetailPage" time="1.144"/>
  <testcase classname="com.nam.qa.practice.ProductTest" name="verifyMenuProduct" time="0.737"/>
  <testcase classname="com.nam.qa.practice.CartTest" name="verifyMenuCartPage" time="0.765"/>
  <testcase classname="com.nam.qa.practice.CartTest" name="verifyButtonContinueShopping" time="0.24"/>
  <testcase classname="com.nam.qa.practice.CartTest" name="verifyButtonCheckout" time="0.196"/>
  <testcase classname="com.nam.qa.practice.CartTest" name="verifyProductIsAddedToCartSuccessfully" time="2.114"/>
  <testcase classname="com.nam.qa.practice.CartTest" name="verifyProductNameMatchesBetweenProductAndCartPages" time="2.218"/>
  <testcase classname="com.nam.qa.practice.CartTest" name="verifyProductDescriptionMatchesBetweenProductAndCartPages" time="2.116"/>
  <testcase classname="com.nam.qa.practice.CartTest" name="verifyProductPriceMatchesBetweenProductAndCartPages" time="2.184"/>
  <testcase classname="com.nam.qa.practice.CartTest" name="verifyQuantityProduct" time="2.009"/>
  <testcase classname="com.nam.qa.practice.CartTest" name="verifyRemoveProductFromCartPage" time="1.958"/>
  <testcase classname="com.nam.qa.practice.CheckOutTest" name="verifyCancelButtonNavigatesBackToCartPage" time="0.383"/>
  <testcase classname="com.nam.qa.practice.CheckOutTest" name="verifyErrorMessageWhenFirstNameIsEmpty" time="0.656"/>
  <testcase classname="com.nam.qa.practice.CheckOutTest" name="verifyErrorMessageWhenLastNameIsEmpty" time="0.616"/>
  <testcase classname="com.nam.qa.practice.CheckOutTest" name="verifyErrorMessageWhenPostalCodeIsEmpty" time="0.612"/>
  <testcase classname="com.nam.qa.practice.CheckOutTest" name="verifyCannotCheckoutWithEmptyCart" time="0.673">
    <failure type="java.lang.AssertionError" message="❌ Checkout proceeded even with empty cart! expected [https://www.saucedemo.com/checkout-step-one.html] but found [https://www.saucedemo.com/checkout-step-two.html]">
      <![CDATA[java.lang.AssertionError: ❌ Checkout proceeded even with empty cart! expected [https://www.saucedemo.com/checkout-step-one.html] but found [https://www.saucedemo.com/checkout-step-two.html]
at com.nam.qa.practice.CheckOutTest.verifyCannotCheckoutWithEmptyCart(CheckOutTest.java:101)
at java.base/java.util.ArrayList.forEach(ArrayList.java:1596)
... Removed 30 stack frames]]>
    </failure>
  </testcase> <!-- verifyCannotCheckoutWithEmptyCart -->
  <testcase classname="com.nam.qa.practice.CheckOutTest" name="verifyTotalAmountWithSingleProduct" time="0.81"/>
  <testcase classname="com.nam.qa.practice.CheckOutTest" name="verifyTotalAmountWithMutipleProduct" time="1.783"/>
  <testcase classname="com.nam.qa.practice.CheckOutTest" name="verifyMessageWhenCheckOutSuccessfully" time="0.918"/>
  <testcase classname="com.nam.qa.practice.CheckOutTest" name="verifyButtonBackHomeNavigatesBackToProductPage" time="1.142"/>
  <testcase classname="com.nam.qa.practice.EndToEndTest" name="verifyMessageWhenCheckOutSuccessfully" time="1.492"/>
  <testcase classname="com.nam.qa.practice.SearchTest" name="verifySearchWithValidKeyword" time="4.92"/>
  <testcase classname="com.nam.qa.practice.SearchTest" name="verifySearchWithEmptyKeyword" time="3.508"/>
  <testcase classname="com.nam.qa.practice.SearchTest" name="verifySearchWithLongKeyword" time="3.973"/>
  <testcase classname="com.nam.qa.practice.SearchTest" name="verifySearchWithUnicodeCharacters" time="4.311"/>
  <testcase classname="com.nam.qa.practice.SearchTest" name="verifySearchByClickingSearchButton" time="0.555"/>
</testsuite> <!-- Run All Tests -->
