<?xml version="1.0" encoding="UTF-8"?>
<testng-results ignored="0" total="14" passed="12" failed="2" skipped="0">
  <reporter-output>
  </reporter-output>
  <suite started-at="2025-06-23T17:09:07 ICT" name="Default suite" finished-at="2025-06-23T17:09:33 ICT" duration-ms="26563">
    <groups>
    </groups>
    <test started-at="2025-06-23T17:09:07 ICT" name="Default test" finished-at="2025-06-23T17:09:33 ICT" duration-ms="26563">
      <class name="com.nam.qa.practice.ProductTest">
        <test-method is-config="true" signature="SetUp()[pri:0, instance:com.nam.qa.practice.ProductTest@1a5a4e19]" started-at="2025-06-23T17:09:07 ICT" name="SetUp" finished-at="2025-06-23T17:09:11 ICT" duration-ms="3861" status="PASS">
          <reporter-output>
          </reporter-output>
        </test-method> <!-- SetUp -->
        <test-method is-config="true" signature="setUp()[pri:0, instance:com.nam.qa.practice.ProductTest@1a5a4e19]" started-at="2025-06-23T17:09:11 ICT" name="setUp" finished-at="2025-06-23T17:09:12 ICT" duration-ms="1099" status="PASS">
          <reporter-output>
          </reporter-output>
        </test-method> <!-- setUp -->
        <test-method signature="ProductListisDisplayed()[pri:0, instance:com.nam.qa.practice.ProductTest@1a5a4e19]" started-at="2025-06-23T17:09:12 ICT" name="ProductListisDisplayed" finished-at="2025-06-23T17:09:12 ICT" duration-ms="130" status="PASS">
          <reporter-output>
          </reporter-output>
        </test-method> <!-- ProductListisDisplayed -->
        <test-method is-config="true" signature="setUp()[pri:0, instance:com.nam.qa.practice.ProductTest@1a5a4e19]" started-at="2025-06-23T17:09:12 ICT" name="setUp" finished-at="2025-06-23T17:09:12 ICT" duration-ms="429" status="PASS">
          <reporter-output>
          </reporter-output>
        </test-method> <!-- setUp -->
        <test-method signature="verifyProductNameMatchBetweenDetailPage()[pri:1, instance:com.nam.qa.practice.ProductTest@1a5a4e19]" started-at="2025-06-23T17:09:12 ICT" name="verifyProductNameMatchBetweenDetailPage" finished-at="2025-06-23T17:09:14 ICT" duration-ms="1306" status="PASS">
          <reporter-output>
          </reporter-output>
        </test-method> <!-- verifyProductNameMatchBetweenDetailPage -->
        <test-method is-config="true" signature="setUp()[pri:0, instance:com.nam.qa.practice.ProductTest@1a5a4e19]" started-at="2025-06-23T17:09:14 ICT" name="setUp" finished-at="2025-06-23T17:09:14 ICT" duration-ms="322" status="PASS">
          <reporter-output>
          </reporter-output>
        </test-method> <!-- setUp -->
        <test-method signature="verifyProductDescriptionMatchBetweenDetailPage()[pri:2, instance:com.nam.qa.practice.ProductTest@1a5a4e19]" started-at="2025-06-23T17:09:14 ICT" name="verifyProductDescriptionMatchBetweenDetailPage" finished-at="2025-06-23T17:09:15 ICT" duration-ms="1313" status="PASS">
          <reporter-output>
          </reporter-output>
        </test-method> <!-- verifyProductDescriptionMatchBetweenDetailPage -->
        <test-method is-config="true" signature="setUp()[pri:0, instance:com.nam.qa.practice.ProductTest@1a5a4e19]" started-at="2025-06-23T17:09:15 ICT" name="setUp" finished-at="2025-06-23T17:09:16 ICT" duration-ms="348" status="PASS">
          <reporter-output>
          </reporter-output>
        </test-method> <!-- setUp -->
        <test-method signature="verifyProductPriceMatchBetweenDetailPage()[pri:3, instance:com.nam.qa.practice.ProductTest@1a5a4e19]" started-at="2025-06-23T17:09:16 ICT" name="verifyProductPriceMatchBetweenDetailPage" finished-at="2025-06-23T17:09:17 ICT" duration-ms="1332" status="PASS">
          <reporter-output>
          </reporter-output>
        </test-method> <!-- verifyProductPriceMatchBetweenDetailPage -->
        <test-method is-config="true" signature="setUp()[pri:0, instance:com.nam.qa.practice.ProductTest@1a5a4e19]" started-at="2025-06-23T17:09:17 ICT" name="setUp" finished-at="2025-06-23T17:09:17 ICT" duration-ms="296" status="PASS">
          <reporter-output>
          </reporter-output>
        </test-method> <!-- setUp -->
        <test-method signature="verifyProductImageMatchBetweenDetailPage()[pri:4, instance:com.nam.qa.practice.ProductTest@1a5a4e19]" started-at="2025-06-23T17:09:17 ICT" name="verifyProductImageMatchBetweenDetailPage" finished-at="2025-06-23T17:09:19 ICT" duration-ms="1186" status="PASS">
          <reporter-output>
          </reporter-output>
        </test-method> <!-- verifyProductImageMatchBetweenDetailPage -->
        <test-method is-config="true" signature="setUp()[pri:0, instance:com.nam.qa.practice.ProductTest@1a5a4e19]" started-at="2025-06-23T17:09:19 ICT" name="setUp" finished-at="2025-06-23T17:09:19 ICT" duration-ms="310" status="PASS">
          <reporter-output>
          </reporter-output>
        </test-method> <!-- setUp -->
        <test-method signature="verifyAddtoCartFromProductPage()[pri:5, instance:com.nam.qa.practice.ProductTest@1a5a4e19]" started-at="2025-06-23T17:09:19 ICT" name="verifyAddtoCartFromProductPage" finished-at="2025-06-23T17:09:20 ICT" duration-ms="572" status="PASS">
          <reporter-output>
          </reporter-output>
        </test-method> <!-- verifyAddtoCartFromProductPage -->
        <test-method is-config="true" signature="setUp()[pri:0, instance:com.nam.qa.practice.ProductTest@1a5a4e19]" started-at="2025-06-23T17:09:20 ICT" name="setUp" finished-at="2025-06-23T17:09:20 ICT" duration-ms="327" status="PASS">
          <reporter-output>
          </reporter-output>
        </test-method> <!-- setUp -->
        <test-method signature="verifyAddtoCartFromDetailPage()[pri:6, instance:com.nam.qa.practice.ProductTest@1a5a4e19]" started-at="2025-06-23T17:09:20 ICT" name="verifyAddtoCartFromDetailPage" finished-at="2025-06-23T17:09:22 ICT" duration-ms="1903" status="PASS">
          <reporter-output>
          </reporter-output>
        </test-method> <!-- verifyAddtoCartFromDetailPage -->
        <test-method is-config="true" signature="setUp()[pri:0, instance:com.nam.qa.practice.ProductTest@1a5a4e19]" started-at="2025-06-23T17:09:22 ICT" name="setUp" finished-at="2025-06-23T17:09:22 ICT" duration-ms="315" status="PASS">
          <reporter-output>
          </reporter-output>
        </test-method> <!-- setUp -->
        <test-method signature="verifyRemoveFromProductPage()[pri:7, instance:com.nam.qa.practice.ProductTest@1a5a4e19]" started-at="2025-06-23T17:09:22 ICT" name="verifyRemoveFromProductPage" finished-at="2025-06-23T17:09:23 ICT" duration-ms="1303" status="PASS">
          <reporter-output>
          </reporter-output>
        </test-method> <!-- verifyRemoveFromProductPage -->
        <test-method is-config="true" signature="setUp()[pri:0, instance:com.nam.qa.practice.ProductTest@1a5a4e19]" started-at="2025-06-23T17:09:23 ICT" name="setUp" finished-at="2025-06-23T17:09:24 ICT" duration-ms="313" status="PASS">
          <reporter-output>
          </reporter-output>
        </test-method> <!-- setUp -->
        <test-method signature="verifyRemoveProductFromDetailPage()[pri:8, instance:com.nam.qa.practice.ProductTest@1a5a4e19]" started-at="2025-06-23T17:09:24 ICT" name="verifyRemoveProductFromDetailPage" finished-at="2025-06-23T17:09:26 ICT" duration-ms="2075" status="PASS">
          <reporter-output>
          </reporter-output>
        </test-method> <!-- verifyRemoveProductFromDetailPage -->
        <test-method is-config="true" signature="setUp()[pri:0, instance:com.nam.qa.practice.ProductTest@1a5a4e19]" started-at="2025-06-23T17:09:26 ICT" name="setUp" finished-at="2025-06-23T17:09:26 ICT" duration-ms="355" status="PASS">
          <reporter-output>
          </reporter-output>
        </test-method> <!-- setUp -->
        <test-method signature="verifyNavigationFromTileToDetailPage()[pri:9, instance:com.nam.qa.practice.ProductTest@1a5a4e19]" started-at="2025-06-23T17:09:26 ICT" name="verifyNavigationFromTileToDetailPage" finished-at="2025-06-23T17:09:26 ICT" duration-ms="194" status="FAIL">
          <exception class="java.lang.AssertionError">
            <message>
              <![CDATA[❌ Fail Page. Expected URL have contains 'inventory-item.html' expected [true] but found [false]]]>
            </message>
            <full-stacktrace>
              <![CDATA[java.lang.AssertionError: ❌ Fail Page. Expected URL have contains 'inventory-item.html' expected [true] but found [false]
at org.testng.Assert.fail(Assert.java:111)
at org.testng.Assert.failNotEquals(Assert.java:1590)
at org.testng.Assert.assertTrue(Assert.java:57)
at com.nam.qa.practice.ProductTest.verifyNavigationFromTileToDetailPage(ProductTest.java:260)
at java.base/jdk.internal.reflect.DirectMethodHandleAccessor.invoke(DirectMethodHandleAccessor.java:103)
at java.base/java.lang.reflect.Method.invoke(Method.java:580)
at org.testng.internal.invokers.MethodInvocationHelper.invokeMethod(MethodInvocationHelper.java:141)
at org.testng.internal.invokers.TestInvoker.invokeMethod(TestInvoker.java:687)
at org.testng.internal.invokers.TestInvoker.invokeTestMethod(TestInvoker.java:230)
at org.testng.internal.invokers.MethodRunner.runInSequence(MethodRunner.java:63)
at org.testng.internal.invokers.TestInvoker$MethodInvocationAgent.invoke(TestInvoker.java:995)
at org.testng.internal.invokers.TestInvoker.invokeTestMethods(TestInvoker.java:203)
at org.testng.internal.invokers.TestMethodWorker.invokeTestMethods(TestMethodWorker.java:154)
at org.testng.internal.invokers.TestMethodWorker.run(TestMethodWorker.java:134)
at java.base/java.util.ArrayList.forEach(ArrayList.java:1596)
at org.testng.TestRunner.privateRun(TestRunner.java:741)
at org.testng.TestRunner.run(TestRunner.java:616)
at org.testng.SuiteRunner.runTest(SuiteRunner.java:421)
at org.testng.SuiteRunner.runSequentially(SuiteRunner.java:413)
at org.testng.SuiteRunner.privateRun(SuiteRunner.java:373)
at org.testng.SuiteRunner.run(SuiteRunner.java:312)
at org.testng.SuiteRunnerWorker.runSuite(SuiteRunnerWorker.java:52)
at org.testng.SuiteRunnerWorker.run(SuiteRunnerWorker.java:95)
at org.testng.TestNG.runSuitesSequentially(TestNG.java:1274)
at org.testng.TestNG.runSuitesLocally(TestNG.java:1208)
at org.testng.TestNG.runSuites(TestNG.java:1112)
at org.testng.TestNG.run(TestNG.java:1079)
at org.testng.remote.AbstractRemoteTestNG.run(AbstractRemoteTestNG.java:115)
at org.testng.remote.RemoteTestNG.initAndRun(RemoteTestNG.java:293)
at org.testng.remote.RemoteTestNG.main(RemoteTestNG.java:91)
]]>
            </full-stacktrace>
          </exception> <!-- java.lang.AssertionError -->
          <reporter-output>
          </reporter-output>
        </test-method> <!-- verifyNavigationFromTileToDetailPage -->
        <test-method is-config="true" signature="setUp()[pri:0, instance:com.nam.qa.practice.ProductTest@1a5a4e19]" started-at="2025-06-23T17:09:26 ICT" name="setUp" finished-at="2025-06-23T17:09:27 ICT" duration-ms="362" status="PASS">
          <reporter-output>
          </reporter-output>
        </test-method> <!-- setUp -->
        <test-method signature="verifyNavigationImgFromToDetailPage()[pri:10, instance:com.nam.qa.practice.ProductTest@1a5a4e19]" started-at="2025-06-23T17:09:27 ICT" name="verifyNavigationImgFromToDetailPage" finished-at="2025-06-23T17:09:27 ICT" duration-ms="127" status="FAIL">
          <exception class="java.lang.AssertionError">
            <message>
              <![CDATA[❌ Fail Page. tadaa Expected URL have contains 'inventory-item.html' expected [true] but found [false]]]>
            </message>
            <full-stacktrace>
              <![CDATA[java.lang.AssertionError: ❌ Fail Page. tadaa Expected URL have contains 'inventory-item.html' expected [true] but found [false]
at org.testng.Assert.fail(Assert.java:111)
at org.testng.Assert.failNotEquals(Assert.java:1590)
at org.testng.Assert.assertTrue(Assert.java:57)
at com.nam.qa.practice.ProductTest.verifyNavigationImgFromToDetailPage(ProductTest.java:273)
at java.base/jdk.internal.reflect.DirectMethodHandleAccessor.invoke(DirectMethodHandleAccessor.java:103)
at java.base/java.lang.reflect.Method.invoke(Method.java:580)
at org.testng.internal.invokers.MethodInvocationHelper.invokeMethod(MethodInvocationHelper.java:141)
at org.testng.internal.invokers.TestInvoker.invokeMethod(TestInvoker.java:687)
at org.testng.internal.invokers.TestInvoker.invokeTestMethod(TestInvoker.java:230)
at org.testng.internal.invokers.MethodRunner.runInSequence(MethodRunner.java:63)
at org.testng.internal.invokers.TestInvoker$MethodInvocationAgent.invoke(TestInvoker.java:995)
at org.testng.internal.invokers.TestInvoker.invokeTestMethods(TestInvoker.java:203)
at org.testng.internal.invokers.TestMethodWorker.invokeTestMethods(TestMethodWorker.java:154)
at org.testng.internal.invokers.TestMethodWorker.run(TestMethodWorker.java:134)
at java.base/java.util.ArrayList.forEach(ArrayList.java:1596)
at org.testng.TestRunner.privateRun(TestRunner.java:741)
at org.testng.TestRunner.run(TestRunner.java:616)
at org.testng.SuiteRunner.runTest(SuiteRunner.java:421)
at org.testng.SuiteRunner.runSequentially(SuiteRunner.java:413)
at org.testng.SuiteRunner.privateRun(SuiteRunner.java:373)
at org.testng.SuiteRunner.run(SuiteRunner.java:312)
at org.testng.SuiteRunnerWorker.runSuite(SuiteRunnerWorker.java:52)
at org.testng.SuiteRunnerWorker.run(SuiteRunnerWorker.java:95)
at org.testng.TestNG.runSuitesSequentially(TestNG.java:1274)
at org.testng.TestNG.runSuitesLocally(TestNG.java:1208)
at org.testng.TestNG.runSuites(TestNG.java:1112)
at org.testng.TestNG.run(TestNG.java:1079)
at org.testng.remote.AbstractRemoteTestNG.run(AbstractRemoteTestNG.java:115)
at org.testng.remote.RemoteTestNG.initAndRun(RemoteTestNG.java:293)
at org.testng.remote.RemoteTestNG.main(RemoteTestNG.java:91)
]]>
            </full-stacktrace>
          </exception> <!-- java.lang.AssertionError -->
          <reporter-output>
          </reporter-output>
        </test-method> <!-- verifyNavigationImgFromToDetailPage -->
        <test-method is-config="true" signature="setUp()[pri:0, instance:com.nam.qa.practice.ProductTest@1a5a4e19]" started-at="2025-06-23T17:09:27 ICT" name="setUp" finished-at="2025-06-23T17:09:27 ICT" duration-ms="343" status="PASS">
          <reporter-output>
          </reporter-output>
        </test-method> <!-- setUp -->
        <test-method signature="verifyButtonBackToProductFromDetailPage()[pri:11, instance:com.nam.qa.practice.ProductTest@1a5a4e19]" started-at="2025-06-23T17:09:27 ICT" name="verifyButtonBackToProductFromDetailPage" finished-at="2025-06-23T17:09:28 ICT" duration-ms="1052" status="PASS">
          <reporter-output>
          </reporter-output>
        </test-method> <!-- verifyButtonBackToProductFromDetailPage -->
        <test-method is-config="true" signature="setUp()[pri:0, instance:com.nam.qa.practice.ProductTest@1a5a4e19]" started-at="2025-06-23T17:09:28 ICT" name="setUp" finished-at="2025-06-23T17:09:29 ICT" duration-ms="301" status="PASS">
          <reporter-output>
          </reporter-output>
        </test-method> <!-- setUp -->
        <test-method signature="verifyMenuProduct()[pri:12, instance:com.nam.qa.practice.ProductTest@1a5a4e19]" started-at="2025-06-23T17:09:29 ICT" name="verifyMenuProduct" finished-at="2025-06-23T17:09:29 ICT" duration-ms="728" status="PASS">
          <reporter-output>
          </reporter-output>
        </test-method> <!-- verifyMenuProduct -->
        <test-method is-config="true" signature="setUp()[pri:0, instance:com.nam.qa.practice.ProductTest@1a5a4e19]" started-at="2025-06-23T17:09:29 ICT" name="setUp" finished-at="2025-06-23T17:09:30 ICT" duration-ms="376" status="PASS">
          <reporter-output>
          </reporter-output>
        </test-method> <!-- setUp -->
        <test-method signature="verifyCartIcon()[pri:13, instance:com.nam.qa.practice.ProductTest@1a5a4e19]" started-at="2025-06-23T17:09:30 ICT" name="verifyCartIcon" finished-at="2025-06-23T17:09:30 ICT" duration-ms="123" status="PASS">
          <reporter-output>
          </reporter-output>
        </test-method> <!-- verifyCartIcon -->
        <test-method is-config="true" signature="TearDown()[pri:0, instance:com.nam.qa.practice.ProductTest@1a5a4e19]" started-at="2025-06-23T17:09:30 ICT" name="TearDown" finished-at="2025-06-23T17:09:33 ICT" duration-ms="3429" status="PASS">
          <reporter-output>
          </reporter-output>
        </test-method> <!-- TearDown -->
      </class> <!-- com.nam.qa.practice.ProductTest -->
    </test> <!-- Default test -->
  </suite> <!-- Default suite -->
</testng-results>
